<?xml version="1.0" encoding="UTF-8"?>
<!-- Generated by org.testng.reporters.JUnitReportReporter -->
<testsuite hostname="Sukanyas-Air" failures="0" tests="1" name="test.java.flightbooking.NewTest" time="15.552" errors="0" timestamp="2021-03-20T12:37:47 GMT" skipped="0">
  <testcase classname="test.java.flightbooking.NewTest" name="f" time="15.552"/>
</testsuite> <!-- test.java.flightbooking.NewTest -->
